{"/home/miportatil/MisProyectos/hito1-render-deploy/server.js": {"path":"/home/miportatil/MisProyectos/hito1-render-deploy/server.js","statementMap":{"0":{"start":{"line":1,"column":16},"end":{"line":1,"column":34}},"1":{"start":{"line":2,"column":13},"end":{"line":2,"column":28}},"2":{"start":{"line":3,"column":12},"end":{"line":3,"column":21}},"3":{"start":{"line":4,"column":13},"end":{"line":4,"column":37}},"4":{"start":{"line":8,"column":27},"end":{"line":8,"column":51}},"5":{"start":{"line":9,"column":23},"end":{"line":16,"column":4}},"6":{"start":{"line":18,"column":17},"end":{"line":18,"column":57}},"7":{"start":{"line":20,"column":2},"end":{"line":31,"column":3}},"8":{"start":{"line":22,"column":17},"end":{"line":22,"column":49}},"9":{"start":{"line":23,"column":4},"end":{"line":29,"column":5}},"10":{"start":{"line":28,"column":6},"end":{"line":28,"column":79}},"11":{"start":{"line":28,"column":55},"end":{"line":28,"column":66}},"12":{"start":{"line":30,"column":4},"end":{"line":30,"column":48}},"13":{"start":{"line":33,"column":2},"end":{"line":33,"column":14}},"14":{"start":{"line":38,"column":17},"end":{"line":38,"column":39}},"15":{"start":{"line":39,"column":2},"end":{"line":39,"column":35}},"16":{"start":{"line":44,"column":2},"end":{"line":48,"column":4}},"17":{"start":{"line":51,"column":24},"end":{"line":51,"column":34}},"18":{"start":{"line":54,"column":0},"end":{"line":54,"column":29}},"19":{"start":{"line":57,"column":0},"end":{"line":59,"column":3}},"20":{"start":{"line":58,"column":2},"end":{"line":58,"column":51}},"21":{"start":{"line":62,"column":0},"end":{"line":64,"column":3}},"22":{"start":{"line":63,"column":2},"end":{"line":63,"column":45}},"23":{"start":{"line":67,"column":0},"end":{"line":76,"column":3}},"24":{"start":{"line":68,"column":13},"end":{"line":68,"column":26}},"25":{"start":{"line":69,"column":2},"end":{"line":75,"column":3}},"26":{"start":{"line":70,"column":24},"end":{"line":70,"column":61}},"27":{"start":{"line":71,"column":4},"end":{"line":71,"column":30}},"28":{"start":{"line":72,"column":4},"end":{"line":72,"column":54}},"29":{"start":{"line":74,"column":4},"end":{"line":74,"column":67}},"30":{"start":{"line":79,"column":0},"end":{"line":83,"column":1}},"31":{"start":{"line":80,"column":2},"end":{"line":82,"column":5}},"32":{"start":{"line":81,"column":4},"end":{"line":81,"column":66}},"33":{"start":{"line":86,"column":0},"end":{"line":86,"column":73}}},"fnMap":{"0":{"name":"validateHTML","decl":{"start":{"line":7,"column":9},"end":{"line":7,"column":21}},"loc":{"start":{"line":7,"column":35},"end":{"line":34,"column":1}},"line":7},"1":{"name":"(anonymous_1)","decl":{"start":{"line":28,"column":46},"end":{"line":28,"column":47}},"loc":{"start":{"line":28,"column":55},"end":{"line":28,"column":66}},"line":28},"2":{"name":"getServerUptime","decl":{"start":{"line":37,"column":9},"end":{"line":37,"column":24}},"loc":{"start":{"line":37,"column":36},"end":{"line":40,"column":1}},"line":37},"3":{"name":"getServerStatus","decl":{"start":{"line":43,"column":9},"end":{"line":43,"column":24}},"loc":{"start":{"line":43,"column":36},"end":{"line":49,"column":1}},"line":43},"4":{"name":"(anonymous_4)","decl":{"start":{"line":57,"column":13},"end":{"line":57,"column":14}},"loc":{"start":{"line":57,"column":27},"end":{"line":59,"column":1}},"line":57},"5":{"name":"(anonymous_5)","decl":{"start":{"line":62,"column":19},"end":{"line":62,"column":20}},"loc":{"start":{"line":62,"column":33},"end":{"line":64,"column":1}},"line":62},"6":{"name":"(anonymous_6)","decl":{"start":{"line":67,"column":25},"end":{"line":67,"column":26}},"loc":{"start":{"line":67,"column":39},"end":{"line":76,"column":1}},"line":67},"7":{"name":"(anonymous_7)","decl":{"start":{"line":80,"column":19},"end":{"line":80,"column":20}},"loc":{"start":{"line":80,"column":25},"end":{"line":82,"column":3}},"line":80}},"branchMap":{"0":{"loc":{"start":{"line":4,"column":13},"end":{"line":4,"column":37}},"type":"binary-expr","locations":[{"start":{"line":4,"column":13},"end":{"line":4,"column":29}},{"start":{"line":4,"column":33},"end":{"line":4,"column":37}}],"line":4},"1":{"loc":{"start":{"line":20,"column":2},"end":{"line":31,"column":3}},"type":"if","locations":[{"start":{"line":20,"column":2},"end":{"line":31,"column":3}},{"start":{},"end":{}}],"line":20},"2":{"loc":{"start":{"line":23,"column":4},"end":{"line":29,"column":5}},"type":"if","locations":[{"start":{"line":23,"column":4},"end":{"line":29,"column":5}},{"start":{},"end":{}}],"line":23},"3":{"loc":{"start":{"line":24,"column":6},"end":{"line":26,"column":32}},"type":"binary-expr","locations":[{"start":{"line":24,"column":6},"end":{"line":24,"column":20}},{"start":{"line":25,"column":6},"end":{"line":25,"column":31}},{"start":{"line":26,"column":6},"end":{"line":26,"column":32}}],"line":24},"4":{"loc":{"start":{"line":79,"column":0},"end":{"line":83,"column":1}},"type":"if","locations":[{"start":{"line":79,"column":0},"end":{"line":83,"column":1}},{"start":{},"end":{}}],"line":79}},"s":{"0":1,"1":1,"2":1,"3":1,"4":4,"5":4,"6":4,"7":4,"8":4,"9":4,"10":0,"11":0,"12":4,"13":0,"14":3,"15":3,"16":2,"17":1,"18":1,"19":1,"20":0,"21":1,"22":1,"23":1,"24":1,"25":1,"26":1,"27":1,"28":0,"29":1,"30":1,"31":0,"32":0,"33":1},"f":{"0":4,"1":0,"2":3,"3":2,"4":0,"5":1,"6":1,"7":0},"b":{"0":[1,1],"1":[4,0],"2":[0,4],"3":[4,0,0],"4":[0,1]},"_coverageSchema":"1a1c01bbd47fc00a2c39e90264f33305004495a9","hash":"6701e1acc97af39a4ec2883c7a4a35dc7f99a439"}
}
