{"/home/miportatil/MisProyectos/hito1-render-deploy/server.js": {"path":"/home/miportatil/MisProyectos/hito1-render-deploy/server.js","statementMap":{"0":{"start":{"line":1,"column":16},"end":{"line":1,"column":34}},"1":{"start":{"line":2,"column":13},"end":{"line":2,"column":28}},"2":{"start":{"line":3,"column":12},"end":{"line":3,"column":21}},"3":{"start":{"line":4,"column":13},"end":{"line":4,"column":37}},"4":{"start":{"line":8,"column":23},"end":{"line":14,"column":3}},"5":{"start":{"line":16,"column":2},"end":{"line":20,"column":3}},"6":{"start":{"line":17,"column":4},"end":{"line":19,"column":5}},"7":{"start":{"line":18,"column":6},"end":{"line":18,"column":65}},"8":{"start":{"line":21,"column":2},"end":{"line":21,"column":14}},"9":{"start":{"line":26,"column":17},"end":{"line":26,"column":39}},"10":{"start":{"line":27,"column":2},"end":{"line":27,"column":35}},"11":{"start":{"line":32,"column":2},"end":{"line":36,"column":4}},"12":{"start":{"line":39,"column":24},"end":{"line":39,"column":34}},"13":{"start":{"line":42,"column":0},"end":{"line":42,"column":29}},"14":{"start":{"line":45,"column":0},"end":{"line":47,"column":3}},"15":{"start":{"line":46,"column":2},"end":{"line":46,"column":51}},"16":{"start":{"line":50,"column":0},"end":{"line":52,"column":3}},"17":{"start":{"line":51,"column":2},"end":{"line":51,"column":45}},"18":{"start":{"line":55,"column":0},"end":{"line":64,"column":3}},"19":{"start":{"line":56,"column":13},"end":{"line":56,"column":26}},"20":{"start":{"line":57,"column":2},"end":{"line":63,"column":3}},"21":{"start":{"line":58,"column":24},"end":{"line":58,"column":61}},"22":{"start":{"line":59,"column":4},"end":{"line":59,"column":30}},"23":{"start":{"line":60,"column":4},"end":{"line":60,"column":54}},"24":{"start":{"line":62,"column":4},"end":{"line":62,"column":67}},"25":{"start":{"line":67,"column":0},"end":{"line":71,"column":1}},"26":{"start":{"line":68,"column":2},"end":{"line":70,"column":5}},"27":{"start":{"line":69,"column":4},"end":{"line":69,"column":66}},"28":{"start":{"line":74,"column":0},"end":{"line":74,"column":73}}},"fnMap":{"0":{"name":"validateHTML","decl":{"start":{"line":7,"column":9},"end":{"line":7,"column":21}},"loc":{"start":{"line":7,"column":35},"end":{"line":22,"column":1}},"line":7},"1":{"name":"getServerUptime","decl":{"start":{"line":25,"column":9},"end":{"line":25,"column":24}},"loc":{"start":{"line":25,"column":36},"end":{"line":28,"column":1}},"line":25},"2":{"name":"getServerStatus","decl":{"start":{"line":31,"column":9},"end":{"line":31,"column":24}},"loc":{"start":{"line":31,"column":36},"end":{"line":37,"column":1}},"line":31},"3":{"name":"(anonymous_3)","decl":{"start":{"line":45,"column":13},"end":{"line":45,"column":14}},"loc":{"start":{"line":45,"column":27},"end":{"line":47,"column":1}},"line":45},"4":{"name":"(anonymous_4)","decl":{"start":{"line":50,"column":19},"end":{"line":50,"column":20}},"loc":{"start":{"line":50,"column":33},"end":{"line":52,"column":1}},"line":50},"5":{"name":"(anonymous_5)","decl":{"start":{"line":55,"column":25},"end":{"line":55,"column":26}},"loc":{"start":{"line":55,"column":39},"end":{"line":64,"column":1}},"line":55},"6":{"name":"(anonymous_6)","decl":{"start":{"line":68,"column":19},"end":{"line":68,"column":20}},"loc":{"start":{"line":68,"column":25},"end":{"line":70,"column":3}},"line":68}},"branchMap":{"0":{"loc":{"start":{"line":4,"column":13},"end":{"line":4,"column":37}},"type":"binary-expr","locations":[{"start":{"line":4,"column":13},"end":{"line":4,"column":29}},{"start":{"line":4,"column":33},"end":{"line":4,"column":37}}],"line":4},"1":{"loc":{"start":{"line":17,"column":4},"end":{"line":19,"column":5}},"type":"if","locations":[{"start":{"line":17,"column":4},"end":{"line":19,"column":5}},{"start":{},"end":{}}],"line":17},"2":{"loc":{"start":{"line":67,"column":0},"end":{"line":71,"column":1}},"type":"if","locations":[{"start":{"line":67,"column":0},"end":{"line":71,"column":1}},{"start":{},"end":{}}],"line":67}},"s":{"0":1,"1":1,"2":1,"3":1,"4":2,"5":2,"6":10,"7":0,"8":2,"9":2,"10":2,"11":1,"12":1,"13":1,"14":1,"15":0,"16":1,"17":1,"18":1,"19":1,"20":1,"21":1,"22":1,"23":1,"24":0,"25":1,"26":0,"27":0,"28":1},"f":{"0":2,"1":2,"2":1,"3":0,"4":1,"5":1,"6":0},"b":{"0":[1,1],"1":[0,10],"2":[0,1]},"_coverageSchema":"1a1c01bbd47fc00a2c39e90264f33305004495a9","hash":"2a68e66071f8c146d4946139cf2d0a770026e711"}
}
