TN:
SF:server.js
FN:7,validateHTML
FN:25,getServerUptime
FN:31,getServerStatus
FN:45,(anonymous_3)
FN:50,(anonymous_4)
FN:55,(anonymous_5)
FN:68,(anonymous_6)
FNF:7
FNH:5
FNDA:5,validateHTML
FNDA:3,getServerUptime
FNDA:2,getServerStatus
FNDA:0,(anonymous_3)
FNDA:1,(anonymous_4)
FNDA:1,(anonymous_5)
FNDA:0,(anonymous_6)
DA:1,1
DA:2,1
DA:3,1
DA:4,1
DA:8,5
DA:16,5
DA:17,18
DA:18,2
DA:21,3
DA:26,3
DA:27,3
DA:32,2
DA:39,1
DA:42,1
DA:45,1
DA:46,0
DA:50,1
DA:51,1
DA:55,1
DA:56,1
DA:57,1
DA:58,1
DA:59,1
DA:60,1
DA:62,0
DA:67,1
DA:68,0
DA:69,0
DA:74,1
LF:29
LH:25
BRDA:4,0,0,1
BRDA:4,0,1,1
BRDA:17,1,0,2
BRDA:17,1,1,16
BRDA:67,2,0,0
BRDA:67,2,1,1
BRF:6
BRH:5
end_of_record
