TN:
SF:server.js
FN:7,validateHTML
FN:28,(anonymous_1)
FN:37,getServerUptime
FN:43,getServerStatus
FN:57,(anonymous_4)
FN:62,(anonymous_5)
FN:67,(anonymous_6)
FN:80,(anonymous_7)
FNF:8
FNH:5
FNDA:4,validateHTML
FNDA:0,(anonymous_1)
FNDA:3,getServerUptime
FNDA:2,getServerStatus
FNDA:0,(anonymous_4)
FNDA:1,(anonymous_5)
FNDA:1,(anonymous_6)
FNDA:0,(anonymous_7)
DA:1,1
DA:2,1
DA:3,1
DA:4,1
DA:8,4
DA:9,4
DA:18,4
DA:20,4
DA:22,4
DA:23,4
DA:28,0
DA:30,4
DA:33,0
DA:38,3
DA:39,3
DA:44,2
DA:51,1
DA:54,1
DA:57,1
DA:58,0
DA:62,1
DA:63,1
DA:67,1
DA:68,1
DA:69,1
DA:70,1
DA:71,1
DA:72,0
DA:74,1
DA:79,1
DA:80,0
DA:81,0
DA:86,1
LF:33
LH:27
BRDA:4,0,0,1
BRDA:4,0,1,1
BRDA:20,1,0,4
BRDA:20,1,1,0
BRDA:23,2,0,0
BRDA:23,2,1,4
BRDA:24,3,0,4
BRDA:24,3,1,0
BRDA:24,3,2,0
BRDA:79,4,0,0
BRDA:79,4,1,1
BRF:11
BRH:6
end_of_record
